This is pdfTeX, Version 3.1415926-2.5-1.40.14 (MiKTeX 2.9 64-bit) (preloaded format=pdflatex 2014.9.16)  2 APR 2015 09:29
entering extended mode
**mythesis
(c:\Users\amy\Dropbox\thesis\writeup\mythesis.tex
LaTeX2e <2014/05/01>
Babel <3.9k> and hyphenation patterns for 68 languages loaded.
(c:\Users\amy\Dropbox\thesis\writeup\thesis.cls
Document Class: thesis 2010/04/30

--------------------------------------------------------------
 +---+ Thesis Style (thesis.cls) version 1.11, April 2010
 +---+ for University of Colorado Ph.D. theses/dissertations.
 * Conforms to the University of Colorado at Boulder Graduate
 * School "SPECIFICATIONS for Preparation of Master's Thesis
 * and Doctoral Dissertations" (rev. April 2010).
--------------------------------------------------------------
 URL: http://www.colorado.edu/its/docs/latex/ThesisClass

("C:\Program Files\MiKTeX 2.9\tex\latex\base\report.cls"
Document Class: report 2007/10/19 v1.4h Standard LaTeX document class
("C:\Program Files\MiKTeX 2.9\tex\latex\base\size11.clo"
File: size11.clo 2007/10/19 v1.4h Standard LaTeX file (size option)
)
\c@part=\count79
\c@chapter=\count80
\c@section=\count81
\c@subsection=\count82
\c@subsubsection=\count83
\c@paragraph=\count84
\c@subparagraph=\count85
\c@figure=\count86
\c@table=\count87
\abovecaptionskip=\skip41
\belowcaptionskip=\skip42
\bibindent=\dimen102
)
("C:\Program Files\MiKTeX 2.9\tex\latex\tools\indentfirst.sty"
Package: indentfirst 1995/11/23 v1.03 Indent first paragraph (DPC)
)
("C:\Program Files\MiKTeX 2.9\tex\latex\base\ifthen.sty"
Package: ifthen 2001/05/26 v1.1c Standard LaTeX ifthen package (DPC)
)
("C:\Program Files\MiKTeX 2.9\tex\latex\ulem\ulem.sty"
\UL@box=\box26
\UL@hyphenbox=\box27
\UL@skip=\skip43
\UL@hook=\toks14
\UL@height=\dimen103
\UL@pe=\count88
\UL@pixel=\dimen104
\ULC@box=\box28
Package: ulem 2012/05/18
\ULdepth=\dimen105
)
\c@th@SecNum=\count89
\c@th@SectionSave=\count90
\th@SubSubSecSpc=\skip44
\c@th@storepage=\count91
)
("C:\Program Files\MiKTeX 2.9\tex\latex\base\textcomp.sty"
Package: textcomp 2005/09/27 v1.99g Standard LaTeX package
Package textcomp Info: Sub-encoding information:
(textcomp)               5 = only ISO-Adobe without \textcurrency
(textcomp)               4 = 5 + \texteuro
(textcomp)               3 = 4 + \textohm
(textcomp)               2 = 3 + \textestimated + \textcurrency
(textcomp)               1 = TS1 - \textcircled - \t
(textcomp)               0 = TS1 (full)
(textcomp)             Font families with sub-encoding setting implement
(textcomp)             only a restricted character set as indicated.
(textcomp)             Family '?' is the default used for unknown fonts.
(textcomp)             See the documentation for details.
Package textcomp Info: Setting ? sub-encoding to TS1/1 on input line 71.

("C:\Program Files\MiKTeX 2.9\tex\latex\base\ts1enc.def"
File: ts1enc.def 2001/06/05 v3.0e (jk/car/fm) Standard LaTeX file
)
LaTeX Info: Redefining \oldstylenums on input line 266.
Package textcomp Info: Setting cmr sub-encoding to TS1/0 on input line 281.
Package textcomp Info: Setting cmss sub-encoding to TS1/0 on input line 282.
Package textcomp Info: Setting cmtt sub-encoding to TS1/0 on input line 283.
Package textcomp Info: Setting cmvtt sub-encoding to TS1/0 on input line 284.
Package textcomp Info: Setting cmbr sub-encoding to TS1/0 on input line 285.
Package textcomp Info: Setting cmtl sub-encoding to TS1/0 on input line 286.
Package textcomp Info: Setting ccr sub-encoding to TS1/0 on input line 287.
Package textcomp Info: Setting ptm sub-encoding to TS1/4 on input line 288.
Package textcomp Info: Setting pcr sub-encoding to TS1/4 on input line 289.
Package textcomp Info: Setting phv sub-encoding to TS1/4 on input line 290.
Package textcomp Info: Setting ppl sub-encoding to TS1/3 on input line 291.
Package textcomp Info: Setting pag sub-encoding to TS1/4 on input line 292.
Package textcomp Info: Setting pbk sub-encoding to TS1/4 on input line 293.
Package textcomp Info: Setting pnc sub-encoding to TS1/4 on input line 294.
Package textcomp Info: Setting pzc sub-encoding to TS1/4 on input line 295.
Package textcomp Info: Setting bch sub-encoding to TS1/4 on input line 296.
Package textcomp Info: Setting put sub-encoding to TS1/5 on input line 297.
Package textcomp Info: Setting uag sub-encoding to TS1/5 on input line 298.
Package textcomp Info: Setting ugq sub-encoding to TS1/5 on input line 299.
Package textcomp Info: Setting ul8 sub-encoding to TS1/4 on input line 300.
Package textcomp Info: Setting ul9 sub-encoding to TS1/4 on input line 301.
Package textcomp Info: Setting augie sub-encoding to TS1/5 on input line 302.
Package textcomp Info: Setting dayrom sub-encoding to TS1/3 on input line 303.
Package textcomp Info: Setting dayroms sub-encoding to TS1/3 on input line 304.

Package textcomp Info: Setting pxr sub-encoding to TS1/0 on input line 305.
Package textcomp Info: Setting pxss sub-encoding to TS1/0 on input line 306.
Package textcomp Info: Setting pxtt sub-encoding to TS1/0 on input line 307.
Package textcomp Info: Setting txr sub-encoding to TS1/0 on input line 308.
Package textcomp Info: Setting txss sub-encoding to TS1/0 on input line 309.
Package textcomp Info: Setting txtt sub-encoding to TS1/0 on input line 310.
Package textcomp Info: Setting lmr sub-encoding to TS1/0 on input line 311.
Package textcomp Info: Setting lmdh sub-encoding to TS1/0 on input line 312.
Package textcomp Info: Setting lmss sub-encoding to TS1/0 on input line 313.
Package textcomp Info: Setting lmssq sub-encoding to TS1/0 on input line 314.
Package textcomp Info: Setting lmvtt sub-encoding to TS1/0 on input line 315.
Package textcomp Info: Setting qhv sub-encoding to TS1/0 on input line 316.
Package textcomp Info: Setting qag sub-encoding to TS1/0 on input line 317.
Package textcomp Info: Setting qbk sub-encoding to TS1/0 on input line 318.
Package textcomp Info: Setting qcr sub-encoding to TS1/0 on input line 319.
Package textcomp Info: Setting qcs sub-encoding to TS1/0 on input line 320.
Package textcomp Info: Setting qpl sub-encoding to TS1/0 on input line 321.
Package textcomp Info: Setting qtm sub-encoding to TS1/0 on input line 322.
Package textcomp Info: Setting qzc sub-encoding to TS1/0 on input line 323.
Package textcomp Info: Setting qhvc sub-encoding to TS1/0 on input line 324.
Package textcomp Info: Setting futs sub-encoding to TS1/4 on input line 325.
Package textcomp Info: Setting futx sub-encoding to TS1/4 on input line 326.
Package textcomp Info: Setting futj sub-encoding to TS1/4 on input line 327.
Package textcomp Info: Setting hlh sub-encoding to TS1/3 on input line 328.
Package textcomp Info: Setting hls sub-encoding to TS1/3 on input line 329.
Package textcomp Info: Setting hlst sub-encoding to TS1/3 on input line 330.
Package textcomp Info: Setting hlct sub-encoding to TS1/5 on input line 331.
Package textcomp Info: Setting hlx sub-encoding to TS1/5 on input line 332.
Package textcomp Info: Setting hlce sub-encoding to TS1/5 on input line 333.
Package textcomp Info: Setting hlcn sub-encoding to TS1/5 on input line 334.
Package textcomp Info: Setting hlcw sub-encoding to TS1/5 on input line 335.
Package textcomp Info: Setting hlcf sub-encoding to TS1/5 on input line 336.
Package textcomp Info: Setting pplx sub-encoding to TS1/3 on input line 337.
Package textcomp Info: Setting pplj sub-encoding to TS1/3 on input line 338.
Package textcomp Info: Setting ptmx sub-encoding to TS1/4 on input line 339.
Package textcomp Info: Setting ptmj sub-encoding to TS1/4 on input line 340.
)
("C:\Program Files\MiKTeX 2.9\tex\latex\tools\longtable.sty"
Package: longtable 2004/02/01 v4.11 Multi-page Table package (DPC)
\LTleft=\skip45
\LTright=\skip46
\LTpre=\skip47
\LTpost=\skip48
\LTchunksize=\count92
\LTcapwidth=\dimen106
\LT@head=\box29
\LT@firsthead=\box30
\LT@foot=\box31
\LT@lastfoot=\box32
\LT@cols=\count93
\LT@rows=\count94
\c@LT@tables=\count95
\c@LT@chunks=\count96
\LT@p@ftn=\toks15
)
("C:\Program Files\MiKTeX 2.9\tex\latex\amsmath\amsmath.sty"
Package: amsmath 2013/01/14 v2.14 AMS math features
\@mathmargin=\skip49

For additional information on amsmath, use the `?' option.
("C:\Program Files\MiKTeX 2.9\tex\latex\amsmath\amstext.sty"
Package: amstext 2000/06/29 v2.01

("C:\Program Files\MiKTeX 2.9\tex\latex\amsmath\amsgen.sty"
File: amsgen.sty 1999/11/30 v2.0
\@emptytoks=\toks16
\ex@=\dimen107
))
("C:\Program Files\MiKTeX 2.9\tex\latex\amsmath\amsbsy.sty"
Package: amsbsy 1999/11/29 v1.2d
\pmbraise@=\dimen108
)
("C:\Program Files\MiKTeX 2.9\tex\latex\amsmath\amsopn.sty"
Package: amsopn 1999/12/14 v2.01 operator names
)
\inf@bad=\count97
LaTeX Info: Redefining \frac on input line 210.
\uproot@=\count98
\leftroot@=\count99
LaTeX Info: Redefining \overline on input line 306.
\classnum@=\count100
\DOTSCASE@=\count101
LaTeX Info: Redefining \ldots on input line 378.
LaTeX Info: Redefining \dots on input line 381.
LaTeX Info: Redefining \cdots on input line 466.
\Mathstrutbox@=\box33
\strutbox@=\box34
\big@size=\dimen109
LaTeX Font Info:    Redeclaring font encoding OML on input line 566.
LaTeX Font Info:    Redeclaring font encoding OMS on input line 567.
\macc@depth=\count102
\c@MaxMatrixCols=\count103
\dotsspace@=\muskip10
\c@parentequation=\count104
\dspbrk@lvl=\count105
\tag@help=\toks17
\row@=\count106
\column@=\count107
\maxfields@=\count108
\andhelp@=\toks18
\eqnshift@=\dimen110
\alignsep@=\dimen111
\tagshift@=\dimen112
\tagwidth@=\dimen113
\totwidth@=\dimen114
\lineht@=\dimen115
\@envbody=\toks19
\multlinegap=\skip50
\multlinetaggap=\skip51
\mathdisplay@stack=\toks20
LaTeX Info: Redefining \[ on input line 2665.
LaTeX Info: Redefining \] on input line 2666.
)
("C:\Program Files\MiKTeX 2.9\tex\latex\amsfonts\amssymb.sty"
Package: amssymb 2013/01/14 v3.01 AMS font symbols

("C:\Program Files\MiKTeX 2.9\tex\latex\amsfonts\amsfonts.sty"
Package: amsfonts 2013/01/14 v3.01 Basic AMSFonts support
\symAMSa=\mathgroup4
\symAMSb=\mathgroup5
LaTeX Font Info:    Overwriting math alphabet `\mathfrak' in version `bold'
(Font)                  U/euf/m/n --> U/euf/b/n on input line 106.
))
("C:\Program Files\MiKTeX 2.9\tex\latex\amscls\amsthm.sty"
Package: amsthm 2009/07/02 v2.20.1
\thm@style=\toks21
\thm@bodyfont=\toks22
\thm@headfont=\toks23
\thm@notefont=\toks24
\thm@headpunct=\toks25
\thm@preskip=\skip52
\thm@postskip=\skip53
\thm@headsep=\skip54
\dth@everypar=\toks26
)
("C:\Program Files\MiKTeX 2.9\tex\latex\graphics\graphicx.sty"
Package: graphicx 2014/04/25 v1.0g Enhanced LaTeX Graphics (DPC,SPQR)

("C:\Program Files\MiKTeX 2.9\tex\latex\graphics\keyval.sty"
Package: keyval 2014/05/08 v1.15 key=value parser (DPC)
\KV@toks@=\toks27
)
("C:\Program Files\MiKTeX 2.9\tex\latex\graphics\graphics.sty"
Package: graphics 2009/02/05 v1.0o Standard LaTeX Graphics (DPC,SPQR)

("C:\Program Files\MiKTeX 2.9\tex\latex\graphics\trig.sty"
Package: trig 1999/03/16 v1.09 sin cos tan (DPC)
)
("C:\Program Files\MiKTeX 2.9\tex\latex\00miktex\graphics.cfg"
File: graphics.cfg 2007/01/18 v1.5 graphics configuration of teTeX/TeXLive
)
Package graphics Info: Driver file: pdftex.def on input line 91.

("C:\Program Files\MiKTeX 2.9\tex\latex\pdftex-def\pdftex.def"
File: pdftex.def 2011/05/27 v0.06d Graphics/color for pdfTeX

("C:\Program Files\MiKTeX 2.9\tex\generic\oberdiek\infwarerr.sty"
Package: infwarerr 2010/04/08 v1.3 Providing info/warning/error messages (HO)
)
("C:\Program Files\MiKTeX 2.9\tex\generic\oberdiek\ltxcmds.sty"
Package: ltxcmds 2011/11/09 v1.22 LaTeX kernel commands for general use (HO)
)
\Gread@gobject=\count109
))
\Gin@req@height=\dimen116
\Gin@req@width=\dimen117
)
("C:\Program Files\MiKTeX 2.9\tex\latex\subfig\subfig.sty"
Package: subfig 2005/06/28 ver: 1.3 subfig package

("C:\Program Files\MiKTeX 2.9\tex\latex\caption\caption.sty"
Package: caption 2013/05/02 v3.3-89 Customizing captions (AR)

("C:\Program Files\MiKTeX 2.9\tex\latex\caption\caption3.sty"
Package: caption3 2013/05/02 v1.6-88 caption3 kernel (AR)
Package caption3 Info: TeX engine: e-TeX on input line 57.
\captionmargin=\dimen118
\captionmargin@=\dimen119
\captionwidth=\dimen120
\caption@tempdima=\dimen121
\caption@indent=\dimen122
\caption@parindent=\dimen123
\caption@hangindent=\dimen124
)
\c@ContinuedFloat=\count110
Package caption Info: longtable package is loaded.

("C:\Program Files\MiKTeX 2.9\tex\latex\caption\ltcaption.sty"
Package: ltcaption 2013/02/03 v1.3-62 longtable captions (AR)
))
\c@KVtest=\count111
\sf@farskip=\skip55
\sf@captopadj=\dimen125
\sf@capskip=\skip56
\sf@nearskip=\skip57
\c@subfigure=\count112
\c@subfigure@save=\count113
\c@lofdepth=\count114
\c@subtable=\count115
\c@subtable@save=\count116
\c@lotdepth=\count117
\sf@top=\skip58
\sf@bottom=\skip59
)
("C:\Program Files\MiKTeX 2.9\tex\latex\geometry\geometry.sty"
Package: geometry 2010/09/12 v5.6 Page Geometry

("C:\Program Files\MiKTeX 2.9\tex\generic\oberdiek\ifpdf.sty"
Package: ifpdf 2011/01/30 v2.3 Provides the ifpdf switch (HO)
Package ifpdf Info: pdfTeX in PDF mode is detected.
)
("C:\Program Files\MiKTeX 2.9\tex\generic\oberdiek\ifvtex.sty"
Package: ifvtex 2010/03/01 v1.5 Detect VTeX and its facilities (HO)
Package ifvtex Info: VTeX not detected.
)
("C:\Program Files\MiKTeX 2.9\tex\generic\ifxetex\ifxetex.sty"
Package: ifxetex 2010/09/12 v0.6 Provides ifxetex conditional
)
\Gm@cnth=\count118
\Gm@cntv=\count119
\c@Gm@tempcnt=\count120
\Gm@bindingoffset=\dimen126
\Gm@wd@mp=\dimen127
\Gm@odd@mp=\dimen128
\Gm@even@mp=\dimen129
\Gm@layoutwidth=\dimen130
\Gm@layoutheight=\dimen131
\Gm@layouthoffset=\dimen132
\Gm@layoutvoffset=\dimen133
\Gm@dimlist=\toks28

("C:\Program Files\MiKTeX 2.9\tex\latex\geometry\geometry.cfg"))
("C:\Program Files\MiKTeX 2.9\tex\latex\listings\listings.sty"
\lst@mode=\count121
\lst@gtempboxa=\box35
\lst@token=\toks29
\lst@length=\count122
\lst@currlwidth=\dimen134
\lst@column=\count123
\lst@pos=\count124
\lst@lostspace=\dimen135
\lst@width=\dimen136
\lst@newlines=\count125
\lst@lineno=\count126
\lst@maxwidth=\dimen137

("C:\Program Files\MiKTeX 2.9\tex\latex\listings\lstmisc.sty"
File: lstmisc.sty 2014/03/04 1.5c (Carsten Heinz)
\c@lstnumber=\count127
\lst@skipnumbers=\count128
\lst@framebox=\box36
)
("C:\Program Files\MiKTeX 2.9\tex\latex\listings\listings.cfg"
File: listings.cfg 2014/03/04 1.5c listings configuration
))
Package: listings 2014/03/04 1.5c (Carsten Heinz)

("C:\Program Files\MiKTeX 2.9\tex\latex\float\float.sty"
Package: float 2001/11/08 v1.3d Float enhancements (AL)
\c@float@type=\count129
\float@exts=\toks30
\float@box=\box37
\@float@everytoks=\toks31
\@floatcapt=\box38
)
("C:\Program Files\MiKTeX 2.9\tex\latex\graphics\color.sty"
Package: color 2014/04/23 v1.1a Standard LaTeX Color (DPC)

("C:\Program Files\MiKTeX 2.9\tex\latex\00miktex\color.cfg"
File: color.cfg 2007/01/18 v1.5 color configuration of teTeX/TeXLive
)
Package color Info: Driver file: pdftex.def on input line 137.
)
("C:\Program Files\MiKTeX 2.9\tex\latex\tools\array.sty"
Package: array 2008/09/09 v2.4c Tabular extension package (FMi)
\col@sep=\dimen138
\extrarowheight=\dimen139
\NC@list=\toks32
\extratabsurround=\skip60
\backup@length=\skip61
)
("C:\Program Files\MiKTeX 2.9\tex\latex\cancel\cancel.sty"
Package: cancel 2013/04/12 v2.2 Cancel math terms
)
("C:\Program Files\MiKTeX 2.9\tex\latex\natbib\natbib.sty"
Package: natbib 2010/09/13 8.31b (PWD, AO)
\bibhang=\skip62
\bibsep=\skip63
LaTeX Info: Redefining \cite on input line 694.
\c@NAT@ctr=\count130
)
Putting page number on short ToC
Putting page number on short LoF
Putting page number on short LoT
(c:\Users\amy\Dropbox\thesis\writeup\mythesis.aux

LaTeX Warning: Label `fig:randtongues' multiply defined.


LaTeX Warning: Label `fig:rloglyap2' multiply defined.


LaTeX Warning: Label `fig:rloglyap2' multiply defined.

)
LaTeX Font Info:    Checking defaults for OML/cmm/m/it on input line 91.
LaTeX Font Info:    ... okay on input line 91.
LaTeX Font Info:    Checking defaults for T1/cmr/m/n on input line 91.
LaTeX Font Info:    ... okay on input line 91.
LaTeX Font Info:    Checking defaults for OT1/cmr/m/n on input line 91.
LaTeX Font Info:    ... okay on input line 91.
LaTeX Font Info:    Checking defaults for OMS/cmsy/m/n on input line 91.
LaTeX Font Info:    ... okay on input line 91.
LaTeX Font Info:    Checking defaults for OMX/cmex/m/n on input line 91.
LaTeX Font Info:    ... okay on input line 91.
LaTeX Font Info:    Checking defaults for U/cmr/m/n on input line 91.
LaTeX Font Info:    ... okay on input line 91.
LaTeX Font Info:    Checking defaults for TS1/cmr/m/n on input line 91.
LaTeX Font Info:    Try loading font information for TS1+cmr on input line 91.
 ("C:\Program Files\MiKTeX 2.9\tex\latex\base\ts1cmr.fd"
File: ts1cmr.fd 1999/05/25 v2.5h Standard LaTeX font definitions
)
LaTeX Font Info:    ... okay on input line 91.

("C:\Program Files\MiKTeX 2.9\tex\context\base\supp-pdf.mkii"
[Loading MPS to PDF converter (version 2006.09.02).]
\scratchcounter=\count131
\scratchdimen=\dimen140
\scratchbox=\box39
\nofMPsegments=\count132
\nofMParguments=\count133
\everyMPshowfont=\toks33
\MPscratchCnt=\count134
\MPscratchDim=\dimen141
\MPnumerator=\count135
\makeMPintoPDFobject=\count136
\everyMPtoPDFconversion=\toks34
)
Package caption Info: Begin \AtBeginDocument code.
Package caption Info: subfig package v1.3 is loaded.
Package caption Info: float package is loaded.
Package caption Info: listings package is loaded.
Package caption Info: End \AtBeginDocument code.

*geometry* driver: auto-detecting
*geometry* detected driver: pdftex
*geometry* verbose mode - [ preamble ] result:
* driver: pdftex
* paper: custom
* layout: <same size as paper>
* layoutoffset:(h,v)=(0.0pt,0.0pt)
* modes: 
* h-part:(L,W,R)=(70.82428pt, 472.64644pt, 70.82428pt)
* v-part:(T,H,B)=(70.82428pt, 653.32143pt, 70.82428pt)
* \paperwidth=614.295pt
* \paperheight=794.96999pt
* \textwidth=469.75499pt
* \textheight=657.65744pt
* \oddsidemargin=0.0pt
* \evensidemargin=0.0pt
* \topmargin=-21.68121pt
* \headheight=14.45377pt
* \headsep=0.0pt
* \topskip=28.90755pt
* \footskip=0.0pt
* \marginparwidth=36.135pt
* \marginparsep=10.0pt
* \columnsep=10.0pt
* \skip\footins=10.0pt plus 4.0pt minus 2.0pt
* \hoffset=0.0pt
* \voffset=0.0pt
* \mag=1000
* \@twocolumnfalse
* \@twosidefalse
* \@mparswitchfalse
* \@reversemarginfalse
* (1in=72.27pt=25.4mm, 1cm=28.453pt)

\c@lstlisting=\count137
Making Title Page
Making Approval Page
[1


{C:/ProgramData/MiKTeX/2.9/pdftex/config/pdftex.map}]
Making Abstract Page
[2

]
Making Dedication Page
[3

]
centered
Making Acknowledgement Page
[4


]
centered
Making ToC Page
Making Short ToC...
[5


]
centered
Short Chapter (page numbered)
(c:\Users\amy\Dropbox\thesis\writeup\mythesis.toc
LaTeX Font Info:    Try loading font information for U+msa on input line 3.

("C:\Program Files\MiKTeX 2.9\tex\latex\amsfonts\umsa.fd"
File: umsa.fd 2013/01/14 v3.01 AMS symbols A
)
LaTeX Font Info:    Try loading font information for U+msb on input line 3.

("C:\Program Files\MiKTeX 2.9\tex\latex\amsfonts\umsb.fd"
File: umsb.fd 2013/01/14 v3.01 AMS symbols B
) [6

])
\tf@toc=\write3

Making LoT Page
Making Short LoT...
[7]
centered
Short Chapter (page numbered)
(c:\Users\amy\Dropbox\thesis\writeup\mythesis.lot)
\tf@lot=\write4

Making LoF Page
Making Short LoF...
[8

]
centered
Short Chapter (page numbered)
(c:\Users\amy\Dropbox\thesis\writeup\mythesis.lof [9

] [10])
\tf@lof=\write5



-------------------Beginning Body----------------------


[11] (c:\Users\amy\Dropbox\thesis\writeup\macros.tex
\c@theorem=\count138
\c@definition=\count139
)
(c:\Users\amy\Dropbox\thesis\writeup\chapter1.tex
 \th@ChapterStyle\th@DoChapCenterChapter \th@ChapterStyle 1.
centered
[1


] <figs/gwuse.png, id=46, 414.79968pt x 173.89969pt>
File: figs/gwuse.png Graphic file (type png)
 <use figs/gwuse.png>
Package pdftex.def Info: figs/gwuse.png used on input line 56.
(pdftex.def)             Requested size: 331.8402pt x 139.11992pt.

[2 <c:/Users/amy/Dropbox/thesis/writeup/figs/gwuse.png>] [3] [4] [5] [6]
[7] [8] <figs/cobweb_ex.png, id=78, 421.575pt x 316.18124pt>
File: figs/cobweb_ex.png Graphic file (type png)

<use figs/cobweb_ex.png>
Package pdftex.def Info: figs/cobweb_ex.png used on input line 373.
(pdftex.def)             Requested size: 337.26045pt x 252.94533pt.
 [9] [10 <c:/Users/amy/Dropbox/thesis/writeup/figs/cobweb_ex.png (PNG copy)>] <
figs/det_cobweb.png, id=85, 421.575pt x 316.18124pt>
File: figs/det_cobweb.png Graphic file (type png)

<use figs/det_cobweb.png>
Package pdftex.def Info: figs/det_cobweb.png used on input line 409.
(pdftex.def)             Requested size: 316.18047pt x 237.13535pt.
 <figs/chaos.png, id=86, 421.575pt x 316.18124pt>
File: figs/chaos.png Graphic file (type png)

<use figs/chaos.png>
Package pdftex.def Info: figs/chaos.png used on input line 422.
(pdftex.def)             Requested size: 316.18047pt x 237.13535pt.
 <figs/det_bif_1.png, id=87, 421.575pt x 316.18124pt>
File: figs/det_bif_1.png Graphic file (type png)

<use figs/det_bif_1.png>
Package pdftex.def Info: figs/det_bif_1.png used on input line 469.
(pdftex.def)             Requested size: 234.87749pt x 176.1581pt.
 <figs/det_bif_2.png, id=88, 421.575pt x 316.18124pt>
File: figs/det_bif_2.png Graphic file (type png)

<use figs/det_bif_2.png>
Package pdftex.def Info: figs/det_bif_2.png used on input line 470.
(pdftex.def)             Requested size: 234.87749pt x 176.1581pt.

<figs/det_log_lyap.png, id=89, 421.575pt x 316.18124pt>
File: figs/det_log_lyap.png Graphic file (type png)

<use figs/det_log_lyap.png>
Package pdftex.def Info: figs/det_log_lyap.png used on input line 478.
(pdftex.def)             Requested size: 274.0205pt x 205.51537pt.


LaTeX Warning: `!h' float specifier changed to `!ht'.


LaTeX Warning: `!h' float specifier changed to `!ht'.

[11 <c:/Users/amy/Dropbox/thesis/writeup/figs/det_cobweb.png (PNG copy)>]
[12 <c:/Users/amy/Dropbox/thesis/writeup/figs/chaos.png (PNG copy)>]

LaTeX Warning: `!h' float specifier changed to `!ht'.

[13 <c:/Users/amy/Dropbox/thesis/writeup/figs/det_bif_1.png (PNG copy)> <c:/Use
rs/amy/Dropbox/thesis/writeup/figs/det_bif_2.png (PNG copy)>] [14 <c:/Users/amy
/Dropbox/thesis/writeup/figs/det_log_lyap.png (PNG copy)>]
<figs/detcirc_cobweb_2.png, id=103, 421.575pt x 316.18124pt>
File: figs/detcirc_cobweb_2.png Graphic file (type png)

<use figs/detcirc_cobweb_2.png>
Package pdftex.def Info: figs/detcirc_cobweb_2.png used on input line 556.
(pdftex.def)             Requested size: 295.10048pt x 221.32535pt.

<figs/detcirc_cobweb_chaos.png, id=104, 421.575pt x 316.18124pt>
File: figs/detcirc_cobweb_chaos.png Graphic file (type png)

<use figs/detcirc_cobweb_chaos.png>
Package pdftex.def Info: figs/detcirc_cobweb_chaos.png used on input line 564.
(pdftex.def)             Requested size: 295.10048pt x 221.32535pt.


LaTeX Warning: `!h' float specifier changed to `!ht'.


LaTeX Warning: `!h' float specifier changed to `!ht'.

[15]

LaTeX Warning: Text page 16 contains only floats.


Overfull \vbox (9.50081pt too high) has occurred while \output is active []


[16 <c:/Users/amy/Dropbox/thesis/writeup/figs/detcirc_cobweb_2.png (PNG copy)> 
<c:/Users/amy/Dropbox/thesis/writeup/figs/detcirc_cobweb_chaos.png (PNG copy)>]
<figs/detcirc_devil_k05.png, id=111, 421.575pt x 316.18124pt>
File: figs/detcirc_devil_k05.png Graphic file (type png)

<use figs/detcirc_devil_k05.png>
Package pdftex.def Info: figs/detcirc_devil_k05.png used on input line 618.
(pdftex.def)             Requested size: 155.02pt x 116.26637pt.

<figs/detcirc_devil_k1.png, id=112, 421.575pt x 316.18124pt>
File: figs/detcirc_devil_k1.png Graphic file (type png)

<use figs/detcirc_devil_k1.png>
Package pdftex.def Info: figs/detcirc_devil_k1.png used on input line 619.
(pdftex.def)             Requested size: 155.02pt x 116.26637pt.

<figs/detcirc_devil_k15.png, id=113, 421.575pt x 316.18124pt>
File: figs/detcirc_devil_k15.png Graphic file (type png)

<use figs/detcirc_devil_k15.png>
Package pdftex.def Info: figs/detcirc_devil_k15.png used on input line 620.
(pdftex.def)             Requested size: 155.02pt x 116.26637pt.
 [17 <c:/Users/amy/Dropbox/thesis/writeup/figs/detcirc_devil_k05.png (PNG copy)
> <c:/Users/amy/Dropbox/thesis/writeup/figs/detcirc_devil_k1.png (PNG copy)> <c
:/Users/amy/Dropbox/thesis/writeup/figs/detcirc_devil_k15.png (PNG copy)>]
<figs/tongues_1000_det.png, id=118, 1028.34187pt x 524.71031pt>
File: figs/tongues_1000_det.png Graphic file (type png)

<use figs/tongues_1000_det.png>
Package pdftex.def Info: figs/tongues_1000_det.png used on input line 659.
(pdftex.def)             Requested size: 462.74957pt x 236.11745pt.

<figs/det_circ_lyap.png, id=119, 421.575pt x 316.18124pt>
File: figs/det_circ_lyap.png Graphic file (type png)

<use figs/det_circ_lyap.png>
Package pdftex.def Info: figs/det_circ_lyap.png used on input line 676.
(pdftex.def)             Requested size: 231.86696pt x 173.9002pt.

<figs/det_circ_lyap_k.png, id=120, 578.16pt x 433.62pt>
File: figs/det_circ_lyap_k.png Graphic file (type png)

<use figs/det_circ_lyap_k.png>
Package pdftex.def Info: figs/det_circ_lyap_k.png used on input line 687.
(pdftex.def)             Requested size: 260.16959pt x 195.1272pt.
)
(c:\Users\amy\Dropbox\thesis\writeup\chapter2.tex

LaTeX Warning: `!h' float specifier changed to `!ht'.


LaTeX Warning: `!h' float specifier changed to `!ht'.

[18 <c:/Users/amy/Dropbox/thesis/writeup/figs/tongues_1000_det.png (PNG copy)>]
[19 <c:/Users/amy/Dropbox/thesis/writeup/figs/det_circ_lyap.png (PNG copy)> <c:
/Users/amy/Dropbox/thesis/writeup/figs/det_circ_lyap_k.png (PNG copy)>]
 \th@ChapterStyle\th@DoChapCenterChapter \th@ChapterStyle 2.
centered
[20

] [21] [22] [23] <figs/cx.png, id=140, 557.08125pt x 373.395pt>
File: figs/cx.png Graphic file (type png)

<use figs/cx.png>
Package pdftex.def Info: figs/cx.png used on input line 210.
(pdftex.def)             Requested size: 211.3883pt x 141.68646pt.
 <figs/sn.png, id=141, 555.07375pt x 342.27875pt>
File: figs/sn.png Graphic file (type png)

<use figs/sn.png>
Package pdftex.def Info: figs/sn.png used on input line 211.
(pdftex.def)             Requested size: 211.3883pt x 130.34929pt.
 [24]
<figs/correlation_L01.png, id=145, 539.01375pt x 363.3575pt>
File: figs/correlation_L01.png Graphic file (type png)

<use figs/correlation_L01.png>
Package pdftex.def Info: figs/correlation_L01.png used on input line 233.
(pdftex.def)             Requested size: 140.92792pt x 95.00298pt.

<figs/correlation_L05.png, id=146, 539.01375pt x 363.3575pt>
File: figs/correlation_L05.png Graphic file (type png)

<use figs/correlation_L05.png>
Package pdftex.def Info: figs/correlation_L05.png used on input line 234.
(pdftex.def)             Requested size: 140.92792pt x 95.00298pt.

<figs/correlation_L1.png, id=147, 539.01375pt x 363.3575pt>
File: figs/correlation_L1.png Graphic file (type png)

<use figs/correlation_L1.png>
Package pdftex.def Info: figs/correlation_L1.png used on input line 235.
(pdftex.def)             Requested size: 140.92792pt x 95.00298pt.
 [25 <c:/Users/amy/Dropbox/thesis/writeup/figs/cx.png (PNG copy)> <c:/Users/amy
/Dropbox/thesis/writeup/figs/sn.png (PNG copy)>]
<figs/square.png, id=151, 289.08pt x 289.08pt>
File: figs/square.png Graphic file (type png)
 <use figs/square.png>
Package pdftex.def Info: figs/square.png used on input line 283.
(pdftex.def)             Requested size: 202.35461pt x 202.35461pt.


LaTeX Warning: `!h' float specifier changed to `!ht'.

[26 <c:/Users/amy/Dropbox/thesis/writeup/figs/correlation_L01.png (PNG copy)> <
c:/Users/amy/Dropbox/thesis/writeup/figs/correlation_L05.png (PNG copy)> <c:/Us
ers/amy/Dropbox/thesis/writeup/figs/correlation_L1.png (PNG copy)>] [27 <c:/Use
rs/amy/Dropbox/thesis/writeup/figs/square.png>]
<figs/xi.png, id=160, 421.575pt x 316.18124pt>
File: figs/xi.png Graphic file (type png)
 <use figs/xi.png>
Package pdftex.def Info: figs/xi.png used on input line 335.
(pdftex.def)             Requested size: 252.94695pt x 189.7102pt.
 [28 <c:/Users/amy/Dropbox/thesis/writeup/figs/xi.png (PNG copy)>] [29] [30]
<figs/rand_cobweb.png, id=170, 421.575pt x 316.18124pt>
File: figs/rand_cobweb.png Graphic file (type png)

<use figs/rand_cobweb.png>
Package pdftex.def Info: figs/rand_cobweb.png used on input line 520.
(pdftex.def)             Requested size: 295.10048pt x 221.32535pt.

<figs/envelope_500_r27_L09.png, id=171, 578.16pt x 433.62pt>
File: figs/envelope_500_r27_L09.png Graphic file (type png)

<use figs/envelope_500_r27_L09.png>
Package pdftex.def Info: figs/envelope_500_r27_L09.png used on input line 534.
(pdftex.def)             Requested size: 140.92792pt x 105.69196pt.

<figs/envelope_500_r35_L005.png, id=172, 578.16pt x 433.62pt>
File: figs/envelope_500_r35_L005.png Graphic file (type png)

<use figs/envelope_500_r35_L005.png>
Package pdftex.def Info: figs/envelope_500_r35_L005.png used on input line 535.

(pdftex.def)             Requested size: 140.92792pt x 105.69196pt.

<figs/envelope_500_r37_L01.png, id=173, 578.16pt x 433.62pt>
File: figs/envelope_500_r37_L01.png Graphic file (type png)

<use figs/envelope_500_r37_L01.png>
Package pdftex.def Info: figs/envelope_500_r37_L01.png used on input line 536.
(pdftex.def)             Requested size: 140.92792pt x 105.69196pt.


LaTeX Warning: `!h' float specifier changed to `!ht'.

[31] <figs/randcirc_cobweb.png, id=179, 421.575pt x 316.18124pt>
File: figs/randcirc_cobweb.png Graphic file (type png)

<use figs/randcirc_cobweb.png>
Package pdftex.def Info: figs/randcirc_cobweb.png used on input line 559.
(pdftex.def)             Requested size: 295.10048pt x 221.32535pt.

<figs/envelope_unif_500_k1_L09_w03.png, id=180, 578.16pt x 433.62pt>
File: figs/envelope_unif_500_k1_L09_w03.png Graphic file (type png)

<use figs/envelope_unif_500_k1_L09_w03.png>
Package pdftex.def Info: figs/envelope_unif_500_k1_L09_w03.png used on input li
ne 576.
(pdftex.def)             Requested size: 140.92792pt x 105.69196pt.

<figs/envelope_unif_500_k1_L05_w03.png, id=181, 578.16pt x 433.62pt>
File: figs/envelope_unif_500_k1_L05_w03.png Graphic file (type png)

<use figs/envelope_unif_500_k1_L05_w03.png>
Package pdftex.def Info: figs/envelope_unif_500_k1_L05_w03.png used on input li
ne 577.
(pdftex.def)             Requested size: 140.92792pt x 105.69196pt.

<figs/envelope_unif_500_k1_L01_w03.png, id=182, 578.16pt x 433.62pt>
File: figs/envelope_unif_500_k1_L01_w03.png Graphic file (type png)

<use figs/envelope_unif_500_k1_L01_w03.png>
Package pdftex.def Info: figs/envelope_unif_500_k1_L01_w03.png used on input li
ne 578.
(pdftex.def)             Requested size: 140.92792pt x 105.69196pt.


LaTeX Warning: `!h' float specifier changed to `!ht'.

<figs/envelope_unif_500_k15_L09_w03.png, id=183, 578.16pt x 433.62pt>
File: figs/envelope_unif_500_k15_L09_w03.png Graphic file (type png)

<use figs/envelope_unif_500_k15_L09_w03.png>
Package pdftex.def Info: figs/envelope_unif_500_k15_L09_w03.png used on input l
ine 590.
(pdftex.def)             Requested size: 140.92792pt x 105.69196pt.

<figs/envelope_unif_500_k15_L05_w03.png, id=184, 578.16pt x 433.62pt>
File: figs/envelope_unif_500_k15_L05_w03.png Graphic file (type png)

<use figs/envelope_unif_500_k15_L05_w03.png>
Package pdftex.def Info: figs/envelope_unif_500_k15_L05_w03.png used on input l
ine 591.
(pdftex.def)             Requested size: 140.92792pt x 105.69196pt.

<figs/envelope_unif_500_k15_L01_w03.png, id=185, 578.16pt x 433.62pt>
File: figs/envelope_unif_500_k15_L01_w03.png Graphic file (type png)

<use figs/envelope_unif_500_k15_L01_w03.png>
Package pdftex.def Info: figs/envelope_unif_500_k15_L01_w03.png used on input l
ine 592.
(pdftex.def)             Requested size: 140.92792pt x 105.69196pt.

<figs/envelope_unif_500_k15_L09_w07.png, id=186, 578.16pt x 433.62pt>
File: figs/envelope_unif_500_k15_L09_w07.png Graphic file (type png)

<use figs/envelope_unif_500_k15_L09_w07.png>
Package pdftex.def Info: figs/envelope_unif_500_k15_L09_w07.png used on input l
ine 603.
(pdftex.def)             Requested size: 140.92792pt x 105.69196pt.

<figs/envelope_unif_500_k15_L05_w07.png, id=187, 578.16pt x 433.62pt>
File: figs/envelope_unif_500_k15_L05_w07.png Graphic file (type png)

<use figs/envelope_unif_500_k15_L05_w07.png>
Package pdftex.def Info: figs/envelope_unif_500_k15_L05_w07.png used on input l
ine 604.
(pdftex.def)             Requested size: 140.92792pt x 105.69196pt.

<figs/envelope_unif_500_k15_L01_w07.png, id=188, 578.16pt x 433.62pt>
File: figs/envelope_unif_500_k15_L01_w07.png Graphic file (type png)

<use figs/envelope_unif_500_k15_L01_w07.png>
Package pdftex.def Info: figs/envelope_unif_500_k15_L01_w07.png used on input l
ine 605.
(pdftex.def)             Requested size: 140.92792pt x 105.69196pt.
 [32 <c:/Users/amy/Dropbox/thesis/writeup/figs/rand_cobweb.png (PNG copy)>] [33
 <c:/Users/amy/Dropbox/thesis/writeup/figs/envelope_500_r27_L09.png (PNG copy)>
 <c:/Users/amy/Dropbox/thesis/writeup/figs/envelope_500_r35_L005.png (PNG copy)
> <c:/Users/amy/Dropbox/thesis/writeup/figs/envelope_500_r37_L01.png (PNG copy)
> <c:/Users/amy/Dropbox/thesis/writeup/figs/randcirc_cobweb.png (PNG copy)>] [3
4 <c:/Users/amy/Dropbox/thesis/writeup/figs/envelope_unif_500_k1_L09_w03.png (P
NG copy)> <c:/Users/amy/Dropbox/thesis/writeup/figs/envelope_unif_500_k1_L05_w0
3.png (PNG copy)> <c:/Users/amy/Dropbox/thesis/writeup/figs/envelope_unif_500_k
1_L01_w03.png (PNG copy)> <c:/Users/amy/Dropbox/thesis/writeup/figs/envelope_un
if_500_k15_L09_w03.png (PNG copy)> <c:/Users/amy/Dropbox/thesis/writeup/figs/en
velope_unif_500_k15_L05_w03.png (PNG copy)> <c:/Users/amy/Dropbox/thesis/writeu
p/figs/envelope_unif_500_k15_L01_w03.png (PNG copy)> <c:/Users/amy/Dropbox/thes
is/writeup/figs/envelope_unif_500_k15_L09_w07.png (PNG copy)> <c:/Users/amy/Dro
pbox/thesis/writeup/figs/envelope_unif_500_k15_L05_w07.png (PNG copy)> <c:/User
s/amy/Dropbox/thesis/writeup/figs/envelope_unif_500_k15_L01_w07.png (PNG copy)>
]
<figs/randcirc_norm_cobweb.png, id=199, 421.575pt x 316.18124pt>
File: figs/randcirc_norm_cobweb.png Graphic file (type png)

<use figs/randcirc_norm_cobweb.png>
Package pdftex.def Info: figs/randcirc_norm_cobweb.png used on input line 635.
(pdftex.def)             Requested size: 295.10048pt x 221.32535pt.

<figs/envelope_norm_500_k1_L09_w03.png, id=200, 578.16pt x 433.62pt>
File: figs/envelope_norm_500_k1_L09_w03.png Graphic file (type png)

<use figs/envelope_norm_500_k1_L09_w03.png>
Package pdftex.def Info: figs/envelope_norm_500_k1_L09_w03.png used on input li
ne 652.
(pdftex.def)             Requested size: 140.92792pt x 105.69196pt.

<figs/envelope_norm_500_k1_L05_w03.png, id=201, 578.16pt x 433.62pt>
File: figs/envelope_norm_500_k1_L05_w03.png Graphic file (type png)

<use figs/envelope_norm_500_k1_L05_w03.png>
Package pdftex.def Info: figs/envelope_norm_500_k1_L05_w03.png used on input li
ne 653.
(pdftex.def)             Requested size: 140.92792pt x 105.69196pt.

<figs/envelope_norm_500_k1_L01_w03.png, id=202, 578.16pt x 433.62pt>
File: figs/envelope_norm_500_k1_L01_w03.png Graphic file (type png)

<use figs/envelope_norm_500_k1_L01_w03.png>
Package pdftex.def Info: figs/envelope_norm_500_k1_L01_w03.png used on input li
ne 654.
(pdftex.def)             Requested size: 140.92792pt x 105.69196pt.

<figs/envelope_norm_500_k15_L09_w03.png, id=203, 578.16pt x 433.62pt>
File: figs/envelope_norm_500_k15_L09_w03.png Graphic file (type png)

<use figs/envelope_norm_500_k15_L09_w03.png>
Package pdftex.def Info: figs/envelope_norm_500_k15_L09_w03.png used on input l
ine 665.
(pdftex.def)             Requested size: 140.92792pt x 105.69196pt.

<figs/envelope_norm_500_k15_L05_w03.png, id=204, 578.16pt x 433.62pt>
File: figs/envelope_norm_500_k15_L05_w03.png Graphic file (type png)

<use figs/envelope_norm_500_k15_L05_w03.png>
Package pdftex.def Info: figs/envelope_norm_500_k15_L05_w03.png used on input l
ine 666.
(pdftex.def)             Requested size: 140.92792pt x 105.69196pt.

<figs/envelope_norm_500_k15_L01_w03.png, id=205, 578.16pt x 433.62pt>
File: figs/envelope_norm_500_k15_L01_w03.png Graphic file (type png)

<use figs/envelope_norm_500_k15_L01_w03.png>
Package pdftex.def Info: figs/envelope_norm_500_k15_L01_w03.png used on input l
ine 667.
(pdftex.def)             Requested size: 140.92792pt x 105.69196pt.

<figs/envelope_norm_500_k15_L09_w07.png, id=206, 578.16pt x 433.62pt>
File: figs/envelope_norm_500_k15_L09_w07.png Graphic file (type png)

<use figs/envelope_norm_500_k15_L09_w07.png>
Package pdftex.def Info: figs/envelope_norm_500_k15_L09_w07.png used on input l
ine 678.
(pdftex.def)             Requested size: 140.92792pt x 105.69196pt.

<figs/envelope_norm_500_k15_L05_w07.png, id=207, 578.16pt x 433.62pt>
File: figs/envelope_norm_500_k15_L05_w07.png Graphic file (type png)

<use figs/envelope_norm_500_k15_L05_w07.png>
Package pdftex.def Info: figs/envelope_norm_500_k15_L05_w07.png used on input l
ine 679.
(pdftex.def)             Requested size: 140.92792pt x 105.69196pt.

<figs/envelope_norm_500_k15_L01_w07.png, id=208, 578.16pt x 433.62pt>
File: figs/envelope_norm_500_k15_L01_w07.png Graphic file (type png)

<use figs/envelope_norm_500_k15_L01_w07.png>
Package pdftex.def Info: figs/envelope_norm_500_k15_L01_w07.png used on input l
ine 680.
(pdftex.def)             Requested size: 140.92792pt x 105.69196pt.
 [35 <c:/Users/amy/Dropbox/thesis/writeup/figs/randcirc_norm_cobweb.png (PNG co
py)>] [36 <c:/Users/amy/Dropbox/thesis/writeup/figs/envelope_norm_500_k1_L09_w0
3.png (PNG copy)> <c:/Users/amy/Dropbox/thesis/writeup/figs/envelope_norm_500_k
1_L05_w03.png (PNG copy)> <c:/Users/amy/Dropbox/thesis/writeup/figs/envelope_no
rm_500_k1_L01_w03.png (PNG copy)> <c:/Users/amy/Dropbox/thesis/writeup/figs/env
elope_norm_500_k15_L09_w03.png (PNG copy)> <c:/Users/amy/Dropbox/thesis/writeup
/figs/envelope_norm_500_k15_L05_w03.png (PNG copy)> <c:/Users/amy/Dropbox/thesi
s/writeup/figs/envelope_norm_500_k15_L01_w03.png (PNG copy)> <c:/Users/amy/Drop
box/thesis/writeup/figs/envelope_norm_500_k15_L09_w07.png (PNG copy)> <c:/Users
/amy/Dropbox/thesis/writeup/figs/envelope_norm_500_k15_L05_w07.png (PNG copy)> 
<c:/Users/amy/Dropbox/thesis/writeup/figs/envelope_norm_500_k15_L01_w07.png (PN
G copy)>])
(c:\Users\amy\Dropbox\thesis\writeup\chapter3.tex [37]
 \th@ChapterStyle\th@DoChapCenterChapter \th@ChapterStyle 3.
centered
File: figs/det_log_lyap.png Graphic file (type png)
<use figs/det_log_lyap.png>
Package pdftex.def Info: figs/det_log_lyap.png used on input line 22.
(pdftex.def)             Requested size: 234.87749pt x 176.1581pt.

<figs/rlog_lyap_L_005.png, id=218, 578.16pt x 433.62pt>
File: figs/rlog_lyap_L_005.png Graphic file (type png)

<use figs/rlog_lyap_L_005.png>
Package pdftex.def Info: figs/rlog_lyap_L_005.png used on input line 23.
(pdftex.def)             Requested size: 234.87749pt x 176.15768pt.

<figs/rlog_lyap_L01_zoom.png, id=219, 421.575pt x 316.18124pt>
File: figs/rlog_lyap_L01_zoom.png Graphic file (type png)

<use figs/rlog_lyap_L01_zoom.png>
Package pdftex.def Info: figs/rlog_lyap_L01_zoom.png used on input line 24.
(pdftex.def)             Requested size: 234.87749pt x 176.1581pt.

<figs/rlog_lyap_L_05.png, id=220, 578.16pt x 433.62pt>
File: figs/rlog_lyap_L_05.png Graphic file (type png)

<use figs/rlog_lyap_L_05.png>
Package pdftex.def Info: figs/rlog_lyap_L_05.png used on input line 25.
(pdftex.def)             Requested size: 234.87749pt x 176.15768pt.

<figs/rlog_lyap_L_07.png, id=221, 578.16pt x 433.62pt>
File: figs/rlog_lyap_L_07.png Graphic file (type png)

<use figs/rlog_lyap_L_07.png>
Package pdftex.def Info: figs/rlog_lyap_L_07.png used on input line 26.
(pdftex.def)             Requested size: 234.87749pt x 176.15768pt.

<figs/rlog_lyap_L_09.png, id=222, 578.16pt x 433.62pt>
File: figs/rlog_lyap_L_09.png Graphic file (type png)

<use figs/rlog_lyap_L_09.png>
Package pdftex.def Info: figs/rlog_lyap_L_09.png used on input line 27.
(pdftex.def)             Requested size: 234.87749pt x 176.15768pt.


LaTeX Warning: `!h' float specifier changed to `!ht'.

<figs/rlog_hist_r32_L01.png, id=223, 421.575pt x 316.18124pt>
File: figs/rlog_hist_r32_L01.png Graphic file (type png)

<use figs/rlog_hist_r32_L01.png>
Package pdftex.def Info: figs/rlog_hist_r32_L01.png used on input line 36.
(pdftex.def)             Requested size: 295.10048pt x 221.32535pt.

<figs/rlog_bif_L_01_low.png, id=224, 578.16pt x 433.62pt>
File: figs/rlog_bif_L_01_low.png Graphic file (type png)

<use figs/rlog_bif_L_01_low.png>
Package pdftex.def Info: figs/rlog_bif_L_01_low.png used on input line 48.
(pdftex.def)             Requested size: 346.89867pt x 260.17401pt.
 [38

 <c:/Users/amy/Dropbox/thesis/writeup/figs/rlog_hist_r32_L01.png (PNG copy)>]

LaTeX Warning: Text page 39 contains only floats.


Overfull \vbox (5.724pt too high) has occurred while \output is active []

 [39 <c:/Users/amy/Dropbox/thesis/writeup/figs/rlog_lyap_L_005.png (PNG copy)> 
<c:/Users/amy/Dropbox/thesis/writeup/figs/rlog_lyap_L01_zoom.png (PNG copy)> <c
:/Users/amy/Dropbox/thesis/writeup/figs/rlog_lyap_L_05.png (PNG copy)> <c:/User
s/amy/Dropbox/thesis/writeup/figs/rlog_lyap_L_07.png (PNG copy)> <c:/Users/amy/
Dropbox/thesis/writeup/figs/rlog_lyap_L_09.png (PNG copy)>]
<figs/rlog_bif_L_01.png, id=232, 578.16pt x 433.62pt>
File: figs/rlog_bif_L_01.png Graphic file (type png)

<use figs/rlog_bif_L_01.png>
Package pdftex.def Info: figs/rlog_bif_L_01.png used on input line 62.
(pdftex.def)             Requested size: 234.87749pt x 176.15768pt.

<figs/rlog_bif_L_02.png, id=233, 578.16pt x 433.62pt>
File: figs/rlog_bif_L_02.png Graphic file (type png)

<use figs/rlog_bif_L_02.png>
Package pdftex.def Info: figs/rlog_bif_L_02.png used on input line 63.
(pdftex.def)             Requested size: 234.87749pt x 176.15768pt.

<figs/rlog_bif_L_04.png, id=234, 578.16pt x 433.62pt>
File: figs/rlog_bif_L_04.png Graphic file (type png)

<use figs/rlog_bif_L_04.png>
Package pdftex.def Info: figs/rlog_bif_L_04.png used on input line 64.
(pdftex.def)             Requested size: 234.87749pt x 176.15768pt.

<figs/rlog_bif_L_06.png, id=235, 578.16pt x 433.62pt>
File: figs/rlog_bif_L_06.png Graphic file (type png)

<use figs/rlog_bif_L_06.png>
Package pdftex.def Info: figs/rlog_bif_L_06.png used on input line 65.
(pdftex.def)             Requested size: 234.87749pt x 176.15768pt.

<figs/rlog_bif_L_08.png, id=236, 578.16pt x 433.62pt>
File: figs/rlog_bif_L_08.png Graphic file (type png)

<use figs/rlog_bif_L_08.png>
Package pdftex.def Info: figs/rlog_bif_L_08.png used on input line 66.
(pdftex.def)             Requested size: 234.87749pt x 176.15768pt.

<figs/rlog_bif_L_09.png, id=237, 578.16pt x 433.62pt>
File: figs/rlog_bif_L_09.png Graphic file (type png)

<use figs/rlog_bif_L_09.png>
Package pdftex.def Info: figs/rlog_bif_L_09.png used on input line 67.
(pdftex.def)             Requested size: 234.87749pt x 176.15768pt.
 [40 <c:/Users/amy/Dropbox/thesis/writeup/figs/rlog_bif_L_01_low.png (PNG copy)
>]
<figs/rlog_bif_zoom_L_01.png, id=241, 578.16pt x 433.62pt>
File: figs/rlog_bif_zoom_L_01.png Graphic file (type png)

<use figs/rlog_bif_zoom_L_01.png>
Package pdftex.def Info: figs/rlog_bif_zoom_L_01.png used on input line 77.
(pdftex.def)             Requested size: 234.87749pt x 176.15768pt.

<figs/rlog_bif_zoom_L_02.png, id=242, 578.16pt x 433.62pt>
File: figs/rlog_bif_zoom_L_02.png Graphic file (type png)

<use figs/rlog_bif_zoom_L_02.png>
Package pdftex.def Info: figs/rlog_bif_zoom_L_02.png used on input line 78.
(pdftex.def)             Requested size: 234.87749pt x 176.15768pt.

<figs/rlog_bif_zoom_L_04.png, id=243, 578.16pt x 433.62pt>
File: figs/rlog_bif_zoom_L_04.png Graphic file (type png)

<use figs/rlog_bif_zoom_L_04.png>
Package pdftex.def Info: figs/rlog_bif_zoom_L_04.png used on input line 79.
(pdftex.def)             Requested size: 234.87749pt x 176.15768pt.

<figs/rlog_bif_zoom_L_06.png, id=244, 578.16pt x 433.62pt>
File: figs/rlog_bif_zoom_L_06.png Graphic file (type png)

<use figs/rlog_bif_zoom_L_06.png>
Package pdftex.def Info: figs/rlog_bif_zoom_L_06.png used on input line 80.
(pdftex.def)             Requested size: 234.87749pt x 176.15768pt.

<figs/rlog_bif_zoom_L_08.png, id=245, 578.16pt x 433.62pt>
File: figs/rlog_bif_zoom_L_08.png Graphic file (type png)

<use figs/rlog_bif_zoom_L_08.png>
Package pdftex.def Info: figs/rlog_bif_zoom_L_08.png used on input line 81.
(pdftex.def)             Requested size: 234.87749pt x 176.15768pt.

<figs/rlog_bif_zoom_L_09.png, id=246, 578.16pt x 433.62pt>
File: figs/rlog_bif_zoom_L_09.png Graphic file (type png)

<use figs/rlog_bif_zoom_L_09.png>
Package pdftex.def Info: figs/rlog_bif_zoom_L_09.png used on input line 82.
(pdftex.def)             Requested size: 234.87749pt x 176.15768pt.
 [41 <c:/Users/amy/Dropbox/thesis/writeup/figs/rlog_bif_L_01.png (PNG copy)> <c
:/Users/amy/Dropbox/thesis/writeup/figs/rlog_bif_L_02.png (PNG copy)> <c:/Users
/amy/Dropbox/thesis/writeup/figs/rlog_bif_L_04.png (PNG copy)> <c:/Users/amy/Dr
opbox/thesis/writeup/figs/rlog_bif_L_06.png (PNG copy)> <c:/Users/amy/Dropbox/t
hesis/writeup/figs/rlog_bif_L_08.png (PNG copy)> <c:/Users/amy/Dropbox/thesis/w
riteup/figs/rlog_bif_L_09.png (PNG copy)>]
<figs/rcirc_avg_num_1000_sim_logscale.png, id=250, 421.575pt x 316.18124pt>
File: figs/rcirc_avg_num_1000_sim_logscale.png Graphic file (type png)

<use figs/rcirc_avg_num_1000_sim_logscale.png>
Package pdftex.def Info: figs/rcirc_avg_num_1000_sim_logscale.png used on input
 line 94.
(pdftex.def)             Requested size: 295.10048pt x 221.32535pt.
 [42 <c:/Users/amy/Dropbox/thesis/writeup/figs/rlog_bif_zoom_L_01.png (PNG copy
)> <c:/Users/amy/Dropbox/thesis/writeup/figs/rlog_bif_zoom_L_02.png (PNG copy)>
 <c:/Users/amy/Dropbox/thesis/writeup/figs/rlog_bif_zoom_L_04.png (PNG copy)> <
c:/Users/amy/Dropbox/thesis/writeup/figs/rlog_bif_zoom_L_06.png (PNG copy)> <c:
/Users/amy/Dropbox/thesis/writeup/figs/rlog_bif_zoom_L_08.png (PNG copy)> <c:/U
sers/amy/Dropbox/thesis/writeup/figs/rlog_bif_zoom_L_09.png (PNG copy)>]
<figs/rcirc_bif_L01_k1.png, id=254, 421.575pt x 316.18124pt>
File: figs/rcirc_bif_L01_k1.png Graphic file (type png)

<use figs/rcirc_bif_L01_k1.png>
Package pdftex.def Info: figs/rcirc_bif_L01_k1.png used on input line 107.
(pdftex.def)             Requested size: 295.10048pt x 221.32535pt.
 [43 <c:/Users/amy/Dropbox/thesis/writeup/figs/rcirc_avg_num_1000_sim_logscale.
png (PNG copy)>]
<figs/rdevil_k1_L01.png, id=258, 578.16pt x 433.62pt>
File: figs/rdevil_k1_L01.png Graphic file (type png)

<use figs/rdevil_k1_L01.png>
Package pdftex.def Info: figs/rdevil_k1_L01.png used on input line 117.
(pdftex.def)             Requested size: 234.87749pt x 176.15768pt.

<figs/rdevil_k1_L05.png, id=259, 578.16pt x 433.62pt>
File: figs/rdevil_k1_L05.png Graphic file (type png)

<use figs/rdevil_k1_L05.png>
Package pdftex.def Info: figs/rdevil_k1_L05.png used on input line 118.
(pdftex.def)             Requested size: 234.87749pt x 176.15768pt.

<figs/hist_rho_k1_L01_om045.png, id=260, 578.16pt x 433.62pt>
File: figs/hist_rho_k1_L01_om045.png Graphic file (type png)

<use figs/hist_rho_k1_L01_om045.png>
Package pdftex.def Info: figs/hist_rho_k1_L01_om045.png used on input line 127.

(pdftex.def)             Requested size: 234.87749pt x 176.15768pt.

<figs/kde_rho_k1_L01_om045.png, id=261, 578.16pt x 433.62pt>
File: figs/kde_rho_k1_L01_om045.png Graphic file (type png)

<use figs/kde_rho_k1_L01_om045.png>
Package pdftex.def Info: figs/kde_rho_k1_L01_om045.png used on input line 128.
(pdftex.def)             Requested size: 234.87749pt x 176.15768pt.
 [44 <c:/Users/amy/Dropbox/thesis/writeup/figs/rcirc_bif_L01_k1.png (PNG copy)>
 <c:/Users/amy/Dropbox/thesis/writeup/figs/rdevil_k1_L01.png (PNG copy)> <c:/Us
ers/amy/Dropbox/thesis/writeup/figs/rdevil_k1_L05.png (PNG copy)>]
<figs/tongues_1000_L_1e-05.png, id=266, 578.16pt x 433.62pt>
File: figs/tongues_1000_L_1e-05.png Graphic file (type png)

<use figs/tongues_1000_L_1e-05.png>
Package pdftex.def Info: figs/tongues_1000_L_1e-05.png used on input line 138.
(pdftex.def)             Requested size: 234.87749pt x 176.15768pt.

<figs/tongues_1000_L_005.png, id=267, 578.16pt x 433.62pt>
File: figs/tongues_1000_L_005.png Graphic file (type png)

<use figs/tongues_1000_L_005.png>
Package pdftex.def Info: figs/tongues_1000_L_005.png used on input line 139.
(pdftex.def)             Requested size: 234.87749pt x 176.15768pt.

<figs/tongues_1000_L_01.png, id=268, 578.16pt x 433.62pt>
File: figs/tongues_1000_L_01.png Graphic file (type png)

<use figs/tongues_1000_L_01.png>
Package pdftex.def Info: figs/tongues_1000_L_01.png used on input line 140.
(pdftex.def)             Requested size: 234.87749pt x 176.15768pt.

<figs/tongues_1000_L_03.png, id=269, 578.16pt x 433.62pt>
File: figs/tongues_1000_L_03.png Graphic file (type png)

<use figs/tongues_1000_L_03.png>
Package pdftex.def Info: figs/tongues_1000_L_03.png used on input line 141.
(pdftex.def)             Requested size: 234.87749pt x 176.15768pt.

<figs/tongues_1000_L_05.png, id=270, 578.16pt x 433.62pt>
File: figs/tongues_1000_L_05.png Graphic file (type png)

<use figs/tongues_1000_L_05.png>
Package pdftex.def Info: figs/tongues_1000_L_05.png used on input line 142.
(pdftex.def)             Requested size: 234.87749pt x 176.15768pt.

<figs/tongues_1000_L_09.png, id=271, 578.16pt x 433.62pt>
File: figs/tongues_1000_L_09.png Graphic file (type png)

<use figs/tongues_1000_L_09.png>
Package pdftex.def Info: figs/tongues_1000_L_09.png used on input line 143.
(pdftex.def)             Requested size: 234.87749pt x 176.15768pt.
 [45 <c:/Users/amy/Dropbox/thesis/writeup/figs/hist_rho_k1_L01_om045.png (PNG c
opy)> <c:/Users/amy/Dropbox/thesis/writeup/figs/kde_rho_k1_L01_om045.png (PNG c
opy)>]
<figs/tongues_norm_1000_L_0025.png, id=275, 578.16pt x 433.62pt>
File: figs/tongues_norm_1000_L_0025.png Graphic file (type png)

<use figs/tongues_norm_1000_L_0025.png>
Package pdftex.def Info: figs/tongues_norm_1000_L_0025.png used on input line 1
54.
(pdftex.def)             Requested size: 234.87749pt x 176.15768pt.

<figs/tongues_norm_1000_L_005.png, id=276, 578.16pt x 433.62pt>
File: figs/tongues_norm_1000_L_005.png Graphic file (type png)

<use figs/tongues_norm_1000_L_005.png>
Package pdftex.def Info: figs/tongues_norm_1000_L_005.png used on input line 15
5.
(pdftex.def)             Requested size: 234.87749pt x 176.15768pt.

<figs/tongues_norm_1000_L_01.png, id=277, 578.16pt x 433.62pt>
File: figs/tongues_norm_1000_L_01.png Graphic file (type png)

<use figs/tongues_norm_1000_L_01.png>
Package pdftex.def Info: figs/tongues_norm_1000_L_01.png used on input line 156
.
(pdftex.def)             Requested size: 234.87749pt x 176.15768pt.

<figs/tongues_norm_1000_L_03.png, id=278, 578.16pt x 433.62pt>
File: figs/tongues_norm_1000_L_03.png Graphic file (type png)

<use figs/tongues_norm_1000_L_03.png>
Package pdftex.def Info: figs/tongues_norm_1000_L_03.png used on input line 157
.
(pdftex.def)             Requested size: 234.87749pt x 176.15768pt.

<figs/tongues_norm_1000_L_05.png, id=279, 578.16pt x 433.62pt>
File: figs/tongues_norm_1000_L_05.png Graphic file (type png)

<use figs/tongues_norm_1000_L_05.png>
Package pdftex.def Info: figs/tongues_norm_1000_L_05.png used on input line 158
.
(pdftex.def)             Requested size: 234.87749pt x 176.15768pt.

<figs/tongues_norm_1000_L_09.png, id=280, 578.16pt x 433.62pt>
File: figs/tongues_norm_1000_L_09.png Graphic file (type png)

<use figs/tongues_norm_1000_L_09.png>
Package pdftex.def Info: figs/tongues_norm_1000_L_09.png used on input line 159
.
(pdftex.def)             Requested size: 234.87749pt x 176.15768pt.
 [46 <c:/Users/amy/Dropbox/thesis/writeup/figs/tongues_1000_L_1e-05.png (PNG co
py)> <c:/Users/amy/Dropbox/thesis/writeup/figs/tongues_1000_L_005.png (PNG copy
)> <c:/Users/amy/Dropbox/thesis/writeup/figs/tongues_1000_L_01.png (PNG copy)> 
<c:/Users/amy/Dropbox/thesis/writeup/figs/tongues_1000_L_03.png (PNG copy)> <c:
/Users/amy/Dropbox/thesis/writeup/figs/tongues_1000_L_05.png (PNG copy)> <c:/Us
ers/amy/Dropbox/thesis/writeup/figs/tongues_1000_L_09.png (PNG copy)>]
Overfull \vbox (7.79503pt too high) has occurred while \output is active []


[47 <c:/Users/amy/Dropbox/thesis/writeup/figs/tongues_norm_1000_L_0025.png (PNG
 copy)> <c:/Users/amy/Dropbox/thesis/writeup/figs/tongues_norm_1000_L_005.png (
PNG copy)> <c:/Users/amy/Dropbox/thesis/writeup/figs/tongues_norm_1000_L_01.png
 (PNG copy)> <c:/Users/amy/Dropbox/thesis/writeup/figs/tongues_norm_1000_L_03.p
ng (PNG copy)> <c:/Users/amy/Dropbox/thesis/writeup/figs/tongues_norm_1000_L_05
.png (PNG copy)> <c:/Users/amy/Dropbox/thesis/writeup/figs/tongues_norm_1000_L_
09.png (PNG copy)>]
File: figs/det_circ_lyap.png Graphic file (type png)
 <use figs/det_circ_lyap.png>
Package pdftex.def Info: figs/det_circ_lyap.png used on input line 171.
(pdftex.def)             Requested size: 234.87749pt x 176.1581pt.

<figs/rcirc_n_lyap_L_005_w.png, id=287, 578.16pt x 433.62pt>
File: figs/rcirc_n_lyap_L_005_w.png Graphic file (type png)

<use figs/rcirc_n_lyap_L_005_w.png>
Package pdftex.def Info: figs/rcirc_n_lyap_L_005_w.png used on input line 172.
(pdftex.def)             Requested size: 234.87749pt x 176.15768pt.

<figs/rcirc_n_lyap_L_01_w.png, id=288, 578.16pt x 433.62pt>
File: figs/rcirc_n_lyap_L_01_w.png Graphic file (type png)

<use figs/rcirc_n_lyap_L_01_w.png>
Package pdftex.def Info: figs/rcirc_n_lyap_L_01_w.png used on input line 173.
(pdftex.def)             Requested size: 234.87749pt x 176.15768pt.

<figs/rcirc_n_lyap_L_03_w.png, id=289, 578.16pt x 433.62pt>
File: figs/rcirc_n_lyap_L_03_w.png Graphic file (type png)

<use figs/rcirc_n_lyap_L_03_w.png>
Package pdftex.def Info: figs/rcirc_n_lyap_L_03_w.png used on input line 174.
(pdftex.def)             Requested size: 234.87749pt x 176.15768pt.

<figs/rcirc_n_lyap_L_05_w.png, id=290, 578.16pt x 433.62pt>
File: figs/rcirc_n_lyap_L_05_w.png Graphic file (type png)

<use figs/rcirc_n_lyap_L_05_w.png>
Package pdftex.def Info: figs/rcirc_n_lyap_L_05_w.png used on input line 175.
(pdftex.def)             Requested size: 234.87749pt x 176.15768pt.

<figs/rcirc_n_lyap_L_09_w.png, id=291, 578.16pt x 433.62pt>
File: figs/rcirc_n_lyap_L_09_w.png Graphic file (type png)

<use figs/rcirc_n_lyap_L_09_w.png>
Package pdftex.def Info: figs/rcirc_n_lyap_L_09_w.png used on input line 176.
(pdftex.def)             Requested size: 234.87749pt x 176.15768pt.
File: figs/det_circ_lyap_k.png Graphic file (type png)
 <use figs/det_circ_lyap_k.png>
Package pdftex.def Info: figs/det_circ_lyap_k.png used on input line 188.
(pdftex.def)             Requested size: 234.87749pt x 176.15768pt.

<figs/rcirc_n_lyap_L_005_k_10000.png, id=292, 578.16pt x 433.62pt>
File: figs/rcirc_n_lyap_L_005_k_10000.png Graphic file (type png)

<use figs/rcirc_n_lyap_L_005_k_10000.png>
Package pdftex.def Info: figs/rcirc_n_lyap_L_005_k_10000.png used on input line
 189.
(pdftex.def)             Requested size: 234.87749pt x 176.15768pt.

<figs/rcirc_n_lyap_L_01_k_10000.png, id=293, 578.16pt x 433.62pt>
File: figs/rcirc_n_lyap_L_01_k_10000.png Graphic file (type png)

<use figs/rcirc_n_lyap_L_01_k_10000.png>
Package pdftex.def Info: figs/rcirc_n_lyap_L_01_k_10000.png used on input line 
190.
(pdftex.def)             Requested size: 234.87749pt x 176.15768pt.

<figs/rcirc_n_lyap_L_03_k_10000.png, id=294, 578.16pt x 433.62pt>
File: figs/rcirc_n_lyap_L_03_k_10000.png Graphic file (type png)

<use figs/rcirc_n_lyap_L_03_k_10000.png>
Package pdftex.def Info: figs/rcirc_n_lyap_L_03_k_10000.png used on input line 
191.
(pdftex.def)             Requested size: 234.87749pt x 176.15768pt.

<figs/rcirc_n_lyap_L_05_k_10000.png, id=295, 578.16pt x 433.62pt>
File: figs/rcirc_n_lyap_L_05_k_10000.png Graphic file (type png)

<use figs/rcirc_n_lyap_L_05_k_10000.png>
Package pdftex.def Info: figs/rcirc_n_lyap_L_05_k_10000.png used on input line 
192.
(pdftex.def)             Requested size: 234.87749pt x 176.15768pt.

<figs/rcirc_n_lyap_L_07_k_10000.png, id=296, 578.16pt x 433.62pt>
File: figs/rcirc_n_lyap_L_07_k_10000.png Graphic file (type png)

<use figs/rcirc_n_lyap_L_07_k_10000.png>
Package pdftex.def Info: figs/rcirc_n_lyap_L_07_k_10000.png used on input line 
193.
(pdftex.def)             Requested size: 234.87749pt x 176.15768pt.


LaTeX Warning: `!h' float specifier changed to `!ht'.

) (c:\Users\amy\Dropbox\thesis\writeup\chapter4.tex [48 <c:/Users/amy/Dropbox/t
hesis/writeup/figs/rcirc_n_lyap_L_005_w.png (PNG copy)> <c:/Users/amy/Dropbox/t
hesis/writeup/figs/rcirc_n_lyap_L_01_w.png (PNG copy)> <c:/Users/amy/Dropbox/th
esis/writeup/figs/rcirc_n_lyap_L_03_w.png (PNG copy)> <c:/Users/amy/Dropbox/the
sis/writeup/figs/rcirc_n_lyap_L_05_w.png (PNG copy)> <c:/Users/amy/Dropbox/thes
is/writeup/figs/rcirc_n_lyap_L_09_w.png (PNG copy)>]

LaTeX Warning: Text page 49 contains only floats.


Overfull \vbox (5.72318pt too high) has occurred while \output is active []


[49 <c:/Users/amy/Dropbox/thesis/writeup/figs/rcirc_n_lyap_L_005_k_10000.png (P
NG copy)> <c:/Users/amy/Dropbox/thesis/writeup/figs/rcirc_n_lyap_L_01_k_10000.p
ng (PNG copy)> <c:/Users/amy/Dropbox/thesis/writeup/figs/rcirc_n_lyap_L_03_k_10
000.png (PNG copy)> <c:/Users/amy/Dropbox/thesis/writeup/figs/rcirc_n_lyap_L_05
_k_10000.png (PNG copy)> <c:/Users/amy/Dropbox/thesis/writeup/figs/rcirc_n_lyap
_L_07_k_10000.png (PNG copy)>]
 \th@ChapterStyle\th@DoChapCenterChapter \th@ChapterStyle 4.
centered
<figs/loadbalance_overall.png, id=303, 722.7pt x 542.025pt>
File: figs/loadbalance_overall.png Graphic file (type png)

<use figs/loadbalance_overall.png>
Package pdftex.def Info: figs/loadbalance_overall.png used on input line 37.
(pdftex.def)             Requested size: 252.94878pt x 189.71158pt.
 [50

]
<figs/loadbalance_node_start.png, id=308, 722.7pt x 542.025pt>
File: figs/loadbalance_node_start.png Graphic file (type png)

<use figs/loadbalance_node_start.png>
Package pdftex.def Info: figs/loadbalance_node_start.png used on input line 53.

(pdftex.def)             Requested size: 234.87749pt x 176.15604pt.

<figs/loadbalance_node_end.png, id=309, 722.7pt x 542.025pt>
File: figs/loadbalance_node_end.png Graphic file (type png)

<use figs/loadbalance_node_end.png>
Package pdftex.def Info: figs/loadbalance_node_end.png used on input line 54.
(pdftex.def)             Requested size: 234.87749pt x 176.15604pt.

<figs/load_balancer.png, id=310, 963.6pt x 542.025pt>
File: figs/load_balancer.png Graphic file (type png)

<use figs/load_balancer.png>
Package pdftex.def Info: figs/load_balancer.png used on input line 68.
(pdftex.def)             Requested size: 433.616pt x 243.90898pt.


LaTeX Warning: `!h' float specifier changed to `!ht'.

[51 <c:/Users/amy/Dropbox/thesis/writeup/figs/loadbalance_overall.png>]
Underfull \hbox (badness 2384) in paragraph at lines 90--90
[]\OT1/cmr/m/n/10.95 Figure 4.4: |Load Bal-anc-ing Work-flow: The load bal-anc-
ing tool
 []


Underfull \hbox (badness 4634) in paragraph at lines 90--90
\OT1/cmr/m/n/10.95 on Janus takes as in-put a list of com-man-d-line prompts (c
re-
 []

<figs/workflow.png, id=315, 963.6pt x 542.025pt>
File: figs/workflow.png Graphic file (type png)
 <use figs/workflow.png>
Package pdftex.def Info: figs/workflow.png used on input line 92.
(pdftex.def)             Requested size: 481.79883pt x 271.01183pt.

Overfull \hbox (12.04384pt too wide) in paragraph at lines 92--93
 [] 
 []

[52 <c:/Users/amy/Dropbox/thesis/writeup/figs/loadbalance_node_start.png> <c:/U
sers/amy/Dropbox/thesis/writeup/figs/loadbalance_node_end.png> <c:/Users/amy/Dr
opbox/thesis/writeup/figs/load_balancer.png>] [53 <c:/Users/amy/Dropbox/thesis/
writeup/figs/workflow.png (PNG copy)>]
<figs/efficiency_random_logistic.png, id=326, 620.0766pt x 423.5022pt>
File: figs/efficiency_random_logistic.png Graphic file (type png)

<use figs/efficiency_random_logistic.png>
Package pdftex.def Info: figs/efficiency_random_logistic.png used on input line
 125.
(pdftex.def)             Requested size: 234.87749pt x 160.41553pt.

<figs/speedup_random_logistic.png, id=327, 682.2288pt x 423.5022pt>
File: figs/speedup_random_logistic.png Graphic file (type png)

<use figs/speedup_random_logistic.png>
Package pdftex.def Info: figs/speedup_random_logistic.png used on input line 12
6.
(pdftex.def)             Requested size: 234.87749pt x 145.80469pt.
)
(c:\Users\amy\Dropbox\thesis\writeup\mythesis.bbl [54 <c:/Users/amy/Dropbox/the
sis/writeup/figs/efficiency_random_logistic.png> <c:/Users/amy/Dropbox/thesis/w
riteup/figs/speedup_random_logistic.png>]
centered

Underfull \hbox (badness 1552) in paragraph at lines 72--75
[]\OT1/cmr/m/n/10.95 Research Com-put-ing at Uni-ver-sity of Col-orado Boul-der
.  Load bal-ance tool, 2014.
 []


Overfull \hbox (11.73405pt too wide) in paragraph at lines 91--94
[]\OT1/cmr/m/n/10.95 The HDF Group.  Hdf5 user's guide, 2014.  http://www.hdfgr
oup.org/HDF5/doc/UG/index.html. 
 []

[55

]) (c:\Users\amy\Dropbox\thesis\writeup\appendixA.tex [56]
 \th@ChapterStyle\th@DoChapCenterAppendix \th@ChapterStyle A.
centered
[57

] [58]) [59] (c:\Users\amy\Dropbox\thesis\writeup\mythesis.aux)

LaTeX Warning: There were multiply-defined labels.

 ) 
Here is how much of TeX's memory you used:
 7119 strings out of 493706
 110201 string characters out of 3144589
 171048 words of memory out of 3000000
 10218 multiletter control sequences out of 15000+200000
 14522 words of font info for 55 fonts, out of 3000000 for 9000
 1025 hyphenation exceptions out of 8191
 44i,16n,42p,660b,384s stack positions out of 5000i,500n,10000p,200000b,50000s
{C:/Program Files/MiKTeX 2.9/fonts/enc/dvips/cm-super/cm-super-ts1.enc}<C:/Pr
ogram Files/MiKTeX 2.9/fonts/type1/public/amsfonts/cm/cmbx10.pfb><C:/Program Fi
les/MiKTeX 2.9/fonts/type1/public/amsfonts/cm/cmbx12.pfb><C:/Program Files/MiKT
eX 2.9/fonts/type1/public/amsfonts/cm/cmex10.pfb><C:/Program Files/MiKTeX 2.9/f
onts/type1/public/amsfonts/cm/cmmi10.pfb><C:/Program Files/MiKTeX 2.9/fonts/typ
e1/public/amsfonts/cm/cmmi6.pfb><C:/Program Files/MiKTeX 2.9/fonts/type1/public
/amsfonts/cm/cmmi8.pfb><C:/Program Files/MiKTeX 2.9/fonts/type1/public/amsfonts
/cm/cmmi9.pfb><C:/Program Files/MiKTeX 2.9/fonts/type1/public/amsfonts/cm/cmr10
.pfb><C:/Program Files/MiKTeX 2.9/fonts/type1/public/amsfonts/cm/cmr6.pfb><C:/P
rogram Files/MiKTeX 2.9/fonts/type1/public/amsfonts/cm/cmr8.pfb><C:/Program Fil
es/MiKTeX 2.9/fonts/type1/public/amsfonts/cm/cmr9.pfb><C:/Program Files/MiKTeX 
2.9/fonts/type1/public/amsfonts/cm/cmsy10.pfb><C:/Program Files/MiKTeX 2.9/font
s/type1/public/amsfonts/cm/cmsy8.pfb><C:/Program Files/MiKTeX 2.9/fonts/type1/p
ublic/amsfonts/cm/cmsy9.pfb><C:/Program Files/MiKTeX 2.9/fonts/type1/public/ams
fonts/cm/cmti10.pfb><C:/Program Files/MiKTeX 2.9/fonts/type1/public/amsfonts/cm
/cmtt10.pfb><C:/Program Files/MiKTeX 2.9/fonts/type1/public/amsfonts/symbols/ms
bm10.pfb><C:/Program Files/MiKTeX 2.9/fonts/type1/public/cm-super/sfrm1095.pfb>

Output written on mythesis.pdf (70 pages, 8436686 bytes).
PDF statistics:
 409 PDF objects out of 1000 (max. 8388607)
 0 named destinations out of 1000 (max. 500000)
 501 words of extra memory for PDF output out of 10000 (max. 10000000)

